C51 COMPILER V9.60.7.0   BLINK_LED                                                         06/09/2023 22:38:49 PAGE 1   


C51 COMPILER V9.60.7.0, COMPILATION OF MODULE BLINK_LED
OBJECT MODULE PLACED IN .\Objects\blink_led.obj
COMPILER INVOKED BY: C:\Keil_v5\C51\BIN\C51.EXE blink_led.c OPTIMIZE(8,SPEED) BROWSE DEBUG OBJECTEXTEND PRINT(.\Listings
                    -\blink_led.lst) TABS(2) OBJECT(.\Objects\blink_led.obj)

line level    source

   1          #include <REGX52.H>
   2          
   3          sbit LED_PIN = p0^0;  //define LED_PIN
*** ERROR C202 IN LINE 3 OF blink_led.c: 'p0': undefined identifier
   4          
   5          void delay(unsigned int t)
   6          {
   7   1        for(unsigned int x = 0; x < t; x++)
*** ERROR C141 IN LINE 7 OF blink_led.c: syntax error near 'unsigned', expected 'sizeof'
*** ERROR C202 IN LINE 7 OF blink_led.c: 'x': undefined identifier
*** ERROR C202 IN LINE 7 OF blink_led.c: 'x': undefined identifier
*** ERROR C202 IN LINE 7 OF blink_led.c: 'x': undefined identifier
*** ERROR C141 IN LINE 7 OF blink_led.c: syntax error near ')', expected ';'
   8   1        {
   9   2          for (unsigned int y=0;y<123;y++); //delay 1 ms
*** ERROR C141 IN LINE 9 OF blink_led.c: syntax error near 'unsigned', expected 'sizeof'
*** ERROR C202 IN LINE 9 OF blink_led.c: 'y': undefined identifier
*** ERROR C202 IN LINE 9 OF blink_led.c: 'y': undefined identifier
*** ERROR C141 IN LINE 9 OF blink_led.c: syntax error near ')', expected ';'
  10   2        }
  11   1      }
  12          
  13          void main()
  14          {
  15   1        // vong loop chuong trinh thuc hien lien tuc
  16   1        while (1)
  17   1        {
  18   2          LED_PIN = !LED_PIN;
*** ERROR C202 IN LINE 18 OF blink_led.c: 'LED_PIN': undefined identifier
  19   2          delay(1000);
  20   2        }
  21   1      }

C51 COMPILATION COMPLETE.  0 WARNING(S),  11 ERROR(S)
