C51 COMPILER V9.60.7.0   MAIN                                                              06/09/2023 22:52:49 PAGE 1   


C51 COMPILER V9.60.7.0, COMPILATION OF MODULE MAIN
OBJECT MODULE PLACED IN .\Objects\main.obj
COMPILER INVOKED BY: C:\Keil_v5\C51\BIN\C51.EXE main.c OPTIMIZE(8,SPEED) BROWSE DEBUG OBJECTEXTEND PRINT(.\Listings\main
                    -.lst) TABS(2) OBJECT(.\Objects\main.obj)

line level    source

   1          #include <REGX52.H>
   2          
   3          sbit LED_PIN = P0^0; //define LED_PIN
   4          
   5          void delay(unsigned int t)
   6          {
   7   1        unsigned int x , y;
   8   1        for(x=0;x<t;x++)
   9   1        {
  10   2          for(y=0;y<123;y++);//delay 1 ms
  11   2        }
  12   1      }
  13          
  14          void main()
  15          {
  16   1        while(1)
  17   1        {
  18   2          LED_PIN = !LED_PIN;
  19   2          delay(1000);
  20   2        }
  21   1      }


MODULE INFORMATION:   STATIC OVERLAYABLE
   CODE SIZE        =     43    ----
   CONSTANT SIZE    =   ----    ----
   XDATA SIZE       =   ----    ----
   PDATA SIZE       =   ----    ----
   DATA SIZE        =   ----    ----
   IDATA SIZE       =   ----    ----
   BIT SIZE         =   ----    ----
END OF MODULE INFORMATION.


C51 COMPILATION COMPLETE.  0 WARNING(S),  0 ERROR(S)
